[LOG] System::create                           : Header version = 2.00.10. Current version = 2.00.10.
[LOG] Manager::init                            : maxchannels = 256 studioflags = 00000006 flags 00000000 extradriverdata 0000000000000000.
[LOG] SystemI::init                            : Initialize version=20010 (110198), maxchannels=256, flags=0x00020000
[LOG] SystemI::setOutputInternal               : Setting output to 'FMOD WASAPI Output'
[LOG] OutputWASAPI::init                       : Mix Format (WAVEFORMATEX): wFormatTag=0xFFFE, nChannels=2, nSamplesPerSec=48000, nAvgBytesPerSec=384000, nBlockAlign=8, wBitsPerSample=32, cbSize=22.
[LOG] OutputWASAPI::init                       : Mix Format (WAVEFORMATEXTENSIBLE): wValidBitsPerSample=32, dwChannelMask=0x00000003, SubFormat=00000003-0000-0010-8000-00AA00389B71.
[LOG] OutputWASAPI::init                       : Output buffer size: 4096 samples, latency: 0.00ms, period: 10.00ms, DSP buffer: 1024 * 4
[LOG] DownMix::init                            : dspbuffersize: 1024  rate: 48000. output speaker mode: 3, input speaker mode 6
[LOG] DownMix::init                            : done.
[LOG] Thread::initThread                       : Init FMOD stream thread. Priority: 2, Stack Size: 98304, Semaphore: No, Sleep Time: 10, Looping: Yes.
[LOG] Thread::initThread                       : Init FMOD mixer thread. Priority: 3, Stack Size: 81920, Semaphore: No, Sleep Time: 0, Looping: Yes.
[LOG] AsyncManager::init                       : manager 000001F518897158 isAsync 0 updatePeriod 0.02
[LOG] AsyncManager::init                       : done
[LOG] PlaybackSystem::init                     : 
[LOG] Thread::initThread                       : Init FMOD Studio sample load thread. Priority: 0, Stack Size: 98304, Semaphore: No, Sleep Time: 1, Looping: No.
[LOG] PlaybackSystem::init                     : done
[LOG] Thread::initThread                       : Init FMOD Studio bank load thread. Priority: 0, Stack Size: 98304, Semaphore: No, Sleep Time: 1, Looping: No.
[LOG] Manager::init                            : done.
[LOG] Manager::readBank                        : fileversion = 125, compatVersion = 119 (oldest = 44, newest = 125)
[LOG] SoundI::release                          :  (000001F49E499D38)
[LOG] SoundI::release                          :     White_Noise - Trimmed (000001F4B555B198)
[LOG] SoundI::release                          : radio_decent (000001F4848B4668)
[LOG] SoundI::release                          :     radio_decent (000001F4B555B9B8)
[LOG] SoundI::release                          :     radio_decent (000001F4BFFB1268)
[LOG] SoundI::release                          : Stress_Drone_Level_Three (000001F4B4DAAAE8)
[LOG] SoundI::release                          :     Stress_Drone_Level_Three (000001F4B555BB58)
[LOG] SoundI::release                          :     Stress_Drone_Level_Three (000001F4BFFB1C88)
[LOG] SoundI::release                          : Stress_Drone_Level_One (000001F4B4DAA5D8)
[LOG] SoundI::release                          :     Stress_Drone_Level_One (000001F4B5558A98)
[LOG] SoundI::release                          :     Stress_Drone_Level_One (000001F4BFFB1418)
[LOG] SoundI::release                          : 459795__klangmaler-lutz__20-erdbeben (000001F4B4DAA788)
[LOG] SoundI::release                          :     459795__klangmaler-lutz__20-erdbeben (000001F4B55588F8)
[LOG] SoundI::release                          :     459795__klangmaler-lutz__20-erdbeben (000001F4BFFB15C8)
[LOG] SoundI::release                          : 51099__rutgermuller__sounds-for-earthquakes-closet-shaking-2 (000001F58F348F68)
[LOG] SoundI::release                          :     51099__rutgermuller__sounds-for-earthquakes-closet-shaking-2 (000001F4B555CB98)
[LOG] SoundI::release                          :     51099__rutgermuller__sounds-for-earthquakes-closet-shaking-2 (000001F4BFFB1E38)
[LOG] SoundI::release                          : Stress_Drone_Level_Two (000001F4848B53E8)
[LOG] SoundI::release                          :     Stress_Drone_Level_Two (000001F4B5557718)
[LOG] SoundI::release                          :     Stress_Drone_Level_Two (000001F4BFFB1AD8)
[LOG] SoundI::release                          : thunder_03 (000001F4848B4D28)
[LOG] SoundI::release                          :     thunder_03 (000001F4B55566D8)
[LOG] SoundI::release                          :     thunder_03 (000001F4B97A7C58)
[LOG] SoundI::release                          :  (000001F49E499498)
[LOG] SoundI::release                          :     COLLISION_wood_creak_01 (000001F4B5553FD8)
[LOG] SoundI::release                          :  (000001F49E4984C8)
[LOG] SoundI::release                          :     COLLISION_wood_creak_02 (000001F4B555C6B8)
[LOG] SoundI::release                          :  (000001F49E498BF8)
[LOG] SoundI::release                          :     COLLISION_wood_creak_03 (000001F4B5551C18)
[LOG] SoundI::release                          :  (000001F59EF5BD68)
[LOG] SoundI::release                          :     COLLISION_wood_creak_04 (000001F4B55573D8)
[LOG] SoundI::release                          :  (000001F49E498638)
[LOG] SoundI::release                          :     COLLISION_wood_creak_05 (000001F4B5551258)
[LOG] SoundI::release                          :  (000001F49E498D68)
[LOG] SoundI::release                          :     COLLISION_wood_creak_06 (000001F4B5552438)
[LOG] SoundI::release                          :  (000001F59EF5B7A8)
[LOG] SoundI::release                          :     COLLISION_wood_creak_07 (000001F4B555AE58)
[LOG] SoundI::release                          :  (000001F49E499328)
[LOG] SoundI::release                          :     COLLISION_wood_creak_08 (000001F4B55525D8)
[LOG] SoundI::release                          :  (000001F49E499EA8)
[LOG] SoundI::release                          :     COLLISION_impact_glass_large_01 (000001F4B5557238)
[LOG] SoundI::release                          :  (000001F49E498918)
[LOG] SoundI::release                          :     COLLISION_impact_glass_large_02 (000001F4B5552298)
[LOG] SoundI::release                          :  (000001F49E498358)
[LOG] SoundI::release                          :     COLLISION_impact_glass_large_03 (000001F4B5558758)
[LOG] SoundI::release                          :  (000001F59EF5B4C8)
[LOG] SoundI::release                          :     COLLISION_impact_glass_large_04 (000001F4B555C858)
[LOG] SoundI::release                          :  (000001F49E498078)
[LOG] SoundI::release                          :     COLLISION_impact_glass_large_05 (000001F4B555A2F8)
[LOG] SoundI::release                          :  (000001F49E4987A8)
[LOG] SoundI::release                          :     COLLISION_impact_glass_large_06 (000001F4B55518D8)
[LOG] SoundI::release                          :  (000001F59EF5B1E8)
[LOG] SoundI::release                          :     COLLISION_impact_glass_large_07 (000001F4B5559FB8)
[LOG] SoundI::release                          :  (000001F49E4981E8)
[LOG] SoundI::release                          :     COLLISION_impact_glass_large_08 (000001F4B555B818)
[LOG] SoundI::release                          :  (000001F59EF5BA88)
[LOG] SoundI::release                          :     COLLISION_impact_glass_large_09 (000001F4B555C9F8)
[LOG] SoundI::release                          :  (000001F59EF5B918)
[LOG] SoundI::release                          :     COLLISION_impact_glass_large_10 (000001F4B5559E18)
[LOG] SoundI::release                          :  (000001F59EF5B638)
[LOG] SoundI::release                          :     COLLISION_impact_glass_large_11 (000001F4B555A158)
[LOG] Thread::callback                         : FMOD Studio update thread finished.
[LOG] Thread::callback                         : FMOD Studio bank load thread finished.
[LOG] Profile::disconnectAll                   : Profiler disconnecting all clients
[LOG] Thread::callback                         : FMOD Studio sample load thread finished.
[LOG] LiveUpdate::release                      : 
[LOG] LiveUpdate::reset                        : Reset connection (reason Disconnected)
[LOG] Thread::callback                         : FMOD stream thread finished.
[LOG] Thread::callback                         : FMOD mixer thread finished.
[LOG] Profile::disconnectAll                   : Profiler disconnecting all clients
[LOG] SystemI::close                           : Closed.
[LOG] Manager::readBank                        : fileversion = 125, compatVersion = 119 (oldest = 44, newest = 125)
[LOG] Manager::readBank                        : fileversion = 125, compatVersion = 119 (oldest = 44, newest = 125)
[LOG] Manager::readBank                        : fileversion = 125, compatVersion = 119 (oldest = 44, newest = 125)
[LOG] PlaybackSystem::acquireMasterBus         : Setting master channel group format to 6
