Base path: 'C:/Program Files/Unity/Hub/Editor/2019.4.8f1/Editor/Data', plugins path 'C:/Program Files/Unity/Hub/Editor/2019.4.8f1/Editor/Data/PlaybackEngines'
Cmd: initializeCompiler
Cmd: initializeCompiler
Cmd: compileComputeKernel
  api=4 insize=16804 outsize=8237 ok=1
Cmd: compileComputeKernel
  api=4 insize=9917 outsize=6357 ok=1
Cmd: compileComputeKernel
  api=4 insize=9917 outsize=7590 ok=1
Cmd: compileComputeKernel
  api=4 insize=17994 outsize=8303 ok=1
Cmd: compileComputeKernel
  api=4 insize=4823 outsize=677 ok=1
Cmd: compileComputeKernel
  api=4 insize=4823 outsize=890 ok=1
Cmd: compileComputeKernel
  api=4 insize=2617 outsize=869 ok=1
Cmd: compileComputeKernel
  api=4 insize=14139 outsize=1290 ok=1
Cmd: compileComputeKernel
  api=4 insize=11086 outsize=880 ok=1
Cmd: compileComputeKernel
  api=4 insize=11086 outsize=4742 ok=1
Cmd: compileComputeKernel
  api=4 insize=868 outsize=578 ok=1
Cmd: compileComputeKernel
  api=4 insize=40264 outsize=41874 ok=1
Cmd: compileComputeKernel
  api=4 insize=40264 outsize=41874 ok=1
Cmd: compileComputeKernel
  api=4 insize=22295 outsize=14875 ok=1
Cmd: compileComputeKernel
  api=4 insize=11494 outsize=257 ok=1
Cmd: compileComputeKernel
  api=4 insize=9829 outsize=9494 ok=1
Cmd: compileComputeKernel
  api=4 insize=8295 outsize=317 ok=1
Cmd: compileComputeKernel
  api=4 insize=22339 outsize=2349 ok=1
Cmd: compileComputeKernel
  api=4 insize=6202 outsize=2518 ok=1
Cmd: compileComputeKernel
  api=4 insize=6745 outsize=695 ok=1
Cmd: compileComputeKernel
  api=4 insize=6745 outsize=899 ok=1
Cmd: compileComputeKernel
  api=4 insize=6745 outsize=1574 ok=1
Cmd: compileComputeKernel
  api=4 insize=6745 outsize=988 ok=1
Cmd: compileComputeKernel
  api=4 insize=26542 outsize=15193 ok=1
Cmd: compileComputeKernel
  api=4 insize=26542 outsize=324 ok=1
Cmd: compileComputeKernel
  api=4 insize=16295 outsize=14860 ok=1
Cmd: compileComputeKernel
  api=4 insize=16295 outsize=48644 ok=1
Cmd: compileComputeKernel
  api=4 insize=16295 outsize=57905 ok=1
Cmd: compileComputeKernel
  api=4 insize=16295 outsize=51069 ok=1
Cmd: compileComputeKernel
  api=4 insize=16295 outsize=35920 ok=1
Cmd: compileComputeKernel
  api=4 insize=16295 outsize=51293 ok=1
Cmd: compileComputeKernel
  api=4 insize=16295 outsize=50897 ok=1
Cmd: compileComputeKernel
  api=4 insize=16295 outsize=36038 ok=1
Cmd: compileComputeKernel
  api=4 insize=16295 outsize=35937 ok=1
Cmd: compileComputeKernel
  api=4 insize=16295 outsize=37549 ok=1
Cmd: compileComputeKernel
  api=4 insize=16295 outsize=36253 ok=1
Cmd: compileComputeKernel
  api=4 insize=8509 outsize=5189 ok=1
Cmd: compileComputeKernel
  api=4 insize=28593 outsize=16306 ok=1
Cmd: compileComputeKernel
  api=4 insize=3714 outsize=2561 ok=1
Cmd: compileComputeKernel
  api=4 insize=7589 outsize=1261 ok=1
Cmd: compileComputeKernel
  api=4 insize=13959 outsize=3986 ok=1
Cmd: compileSnippet
  api=4 type=1 insize=6948 outsize=142 kw=UNITY_PASS_SHADOWCASTER _NORMALMAP_TANGENT_SPACE _MASKMAP pd=UNITY_ENABLE_REFLECTION_BUFFERS UNITY_USE_DITHER_MASK_FOR_ALPHABLENDED_SHADOWS UNITY_PBS_USE_BRDF1 UNITY_SPECCUBE_BOX_PROJECTION UNITY_SPECCUBE_BLENDING UNITY_ENABLE_DETAIL_NORMALMAP SHADER_API_DESKTOP UNITY_LIGHT_PROBE_PROXY_VOLUME UNITY_LIGHTMAP_FULL_HDR ok=1
Cmd: compileSnippet
  api=4 type=1 insize=7919 outsize=6782 kw=LIGHTMAP_ON DIRLIGHTMAP_COMBINED DECALS_3RT _NORMALMAP_TANGENT_SPACE _NORMALMAP _MASKMAP pd=UNITY_ENABLE_REFLECTION_BUFFERS UNITY_USE_DITHER_MASK_FOR_ALPHABLENDED_SHADOWS UNITY_PBS_USE_BRDF1 UNITY_SPECCUBE_BOX_PROJECTION UNITY_SPECCUBE_BLENDING UNITY_ENABLE_DETAIL_NORMALMAP SHADER_API_DESKTOP UNITY_LIGHT_PROBE_PROXY_VOLUME UNITY_LIGHTMAP_FULL_HDR ok=1
Cmd: compileSnippet
  api=4 type=0 insize=7443 outsize=810 kw=_NORMALMAP_TANGENT_SPACE pd=UNITY_ENABLE_REFLECTION_BUFFERS UNITY_USE_DITHER_MASK_FOR_ALPHABLENDED_SHADOWS UNITY_PBS_USE_BRDF1 UNITY_SPECCUBE_BOX_PROJECTION UNITY_SPECCUBE_BLENDING UNITY_ENABLE_DETAIL_NORMALMAP SHADER_API_DESKTOP UNITY_LIGHT_PROBE_PROXY_VOLUME UNITY_LIGHTMAP_FULL_HDR ok=1

Quitting shader compiler process
